<?xml version="1.0" encoding="UTF-8"?>
<testsuite xmlns:xsi="http://www.w3.org/2001/XMLSchema-instance" xsi:noNamespaceSchemaLocation="https://maven.apache.org/surefire/maven-surefire-plugin/xsd/surefire-test-report.xsd" name="com.redhat.training.jb421.TransformRouteTest" time="121.514" tests="2" errors="2" skipped="0" failures="0">
  <properties>
    <property name="sun.desktop" value="gnome"/>
    <property name="awt.toolkit" value="sun.awt.X11.XToolkit"/>
    <property name="file.encoding.pkg" value="sun.io"/>
    <property name="java.specification.version" value="1.8"/>
    <property name="sun.cpu.isalist" value=""/>
    <property name="camel.fileApplicationContextUri" value="file:/home/ihsan/Documents/jboss/jaxb-transform/src/main/resources/OSGI-INF/blueprint/blueprint.xml"/>
    <property name="sun.jnu.encoding" value="UTF-8"/>
    <property name="java.class.path" value="/home/ihsan/Documents/jboss/jaxb-transform/target/test-classes:/home/ihsan/Documents/jboss/jaxb-transform/target/classes:/home/ihsan/.m2/repository/org/apache/camel/camel-core/2.17.0.redhat-630254/camel-core-2.17.0.redhat-630254.jar:/home/ihsan/.m2/repository/com/sun/xml/bind/jaxb-core/2.2.11/jaxb-core-2.2.11.jar:/home/ihsan/.m2/repository/com/sun/xml/bind/jaxb-impl/2.2.11.redhat-2/jaxb-impl-2.2.11.redhat-2.jar:/home/ihsan/.m2/repository/org/apache/camel/camel-blueprint/2.17.0.redhat-630254/camel-blueprint-2.17.0.redhat-630254.jar:/home/ihsan/.m2/repository/org/apache/camel/camel-core-xml/2.17.0.redhat-630254/camel-core-xml-2.17.0.redhat-630254.jar:/home/ihsan/.m2/repository/org/apache/camel/camel-core-osgi/2.17.0.redhat-630254/camel-core-osgi-2.17.0.redhat-630254.jar:/home/ihsan/.m2/repository/org/slf4j/slf4j-api/1.7.7.redhat-2/slf4j-api-1.7.7.redhat-2.jar:/home/ihsan/.m2/repository/org/slf4j/slf4j-log4j12/1.7.7.redhat-2/slf4j-log4j12-1.7.7.redhat-2.jar:/home/ihsan/.m2/repository/log4j/log4j/1.2.17.redhat-1/log4j-1.2.17.redhat-1.jar:/home/ihsan/.m2/repository/org/apache/camel/camel-test-blueprint/2.17.0.redhat-630254/camel-test-blueprint-2.17.0.redhat-630254.jar:/home/ihsan/.m2/repository/org/apache/camel/camel-test/2.17.0.redhat-630254/camel-test-2.17.0.redhat-630254.jar:/home/ihsan/.m2/repository/org/apache/camel/camel-core/2.17.0.redhat-630254/camel-core-2.17.0.redhat-630254-tests.jar:/home/ihsan/.m2/repository/org/apache/aries/proxy/org.apache.aries.proxy.api/1.0.1/org.apache.aries.proxy.api-1.0.1.jar:/home/ihsan/.m2/repository/org/apache/aries/proxy/org.apache.aries.proxy.impl/1.0.5/org.apache.aries.proxy.impl-1.0.5.jar:/home/ihsan/.m2/repository/org/apache/aries/blueprint/org.apache.aries.blueprint.api/1.0.1/org.apache.aries.blueprint.api-1.0.1.jar:/home/ihsan/.m2/repository/org/apache/aries/blueprint/org.apache.aries.blueprint.core/1.7.1/org.apache.aries.blueprint.core-1.7.1.jar:/home/ihsan/.m2/repository/org/apache/aries/quiesce/org.apache.aries.quiesce.api/1.0.0/org.apache.aries.quiesce.api-1.0.0.jar:/home/ihsan/.m2/repository/org/apache/aries/blueprint/org.apache.aries.blueprint.cm/1.0.6/org.apache.aries.blueprint.cm-1.0.6.jar:/home/ihsan/.m2/repository/org/apache/aries/org.apache.aries.util/1.1.0/org.apache.aries.util-1.1.0.jar:/home/ihsan/.m2/repository/org/apache/felix/org.apache.felix.connect/0.1.0/org.apache.felix.connect-0.1.0.jar:/home/ihsan/.m2/repository/org/ops4j/pax/swissbox/pax-swissbox-tinybundles/1.3.2/pax-swissbox-tinybundles-1.3.2.jar:/home/ihsan/.m2/repository/org/ops4j/base/ops4j-base-lang/1.5.0/ops4j-base-lang-1.5.0.jar:/home/ihsan/.m2/repository/org/ops4j/base/ops4j-base-io/1.5.0/ops4j-base-io-1.5.0.jar:/home/ihsan/.m2/repository/org/ops4j/base/ops4j-base-monitors/1.5.0/ops4j-base-monitors-1.5.0.jar:/home/ihsan/.m2/repository/org/ops4j/base/ops4j-base-store/1.5.0/ops4j-base-store-1.5.0.jar:/home/ihsan/.m2/repository/org/ops4j/pax/swissbox/pax-swissbox-bnd/1.8.2/pax-swissbox-bnd-1.8.2.jar:/home/ihsan/.m2/repository/biz/aQute/bnd/bndlib/2.4.0/bndlib-2.4.0.jar:/home/ihsan/.m2/repository/biz/aQute/bnd/biz.aQute.bndlib/2.4.1/biz.aQute.bndlib-2.4.1.jar:/home/ihsan/.m2/repository/commons-logging/commons-logging/1.2/commons-logging-1.2.jar:/home/ihsan/.m2/repository/org/apache/felix/org.apache.felix.configadmin/1.8.12/org.apache.felix.configadmin-1.8.12.jar:/home/ihsan/.m2/repository/org/apache/camel/camel-jackson/2.17.0.redhat-630254/camel-jackson-2.17.0.redhat-630254.jar:/home/ihsan/.m2/repository/com/fasterxml/jackson/core/jackson-databind/2.6.3/jackson-databind-2.6.3.jar:/home/ihsan/.m2/repository/com/fasterxml/jackson/core/jackson-annotations/2.6.3/jackson-annotations-2.6.3.jar:/home/ihsan/.m2/repository/com/fasterxml/jackson/core/jackson-core/2.6.3/jackson-core-2.6.3.jar:/home/ihsan/.m2/repository/com/fasterxml/jackson/module/jackson-module-jaxb-annotations/2.6.3/jackson-module-jaxb-annotations-2.6.3.jar:/home/ihsan/.m2/repository/org/apache/camel/camel-jaxb/2.17.0.redhat-630254/camel-jaxb-2.17.0.redhat-630254.jar:/home/ihsan/.m2/repository/junit/junit/4.11/junit-4.11.jar:/home/ihsan/.m2/repository/org/hamcrest/hamcrest-core/1.3/hamcrest-core-1.3.jar:"/>
    <property name="java.vm.vendor" value="Oracle Corporation"/>
    <property name="sun.arch.data.model" value="64"/>
    <property name="java.vendor.url" value="http://java.oracle.com/"/>
    <property name="user.timezone" value=""/>
    <property name="java.vm.specification.version" value="1.8"/>
    <property name="os.name" value="Linux"/>
    <property name="user.country" value="US"/>
    <property name="sun.java.launcher" value="SUN_STANDARD"/>
    <property name="sun.boot.library.path" value="/opt/java-8-oracle/jre/lib/amd64"/>
    <property name="sun.java.command" value="/home/ihsan/Documents/jboss/jaxb-transform/target/surefire/surefirebooter5412315561577227061.jar /home/ihsan/Documents/jboss/jaxb-transform/target/surefire 2018-02-27T13-16-08_048-jvmRun1 surefire3087598844556899199tmp surefire_04961180706850209094tmp"/>
    <property name="surefire.test.class.path" value="/home/ihsan/Documents/jboss/jaxb-transform/target/test-classes:/home/ihsan/Documents/jboss/jaxb-transform/target/classes:/home/ihsan/.m2/repository/org/apache/camel/camel-core/2.17.0.redhat-630254/camel-core-2.17.0.redhat-630254.jar:/home/ihsan/.m2/repository/com/sun/xml/bind/jaxb-core/2.2.11/jaxb-core-2.2.11.jar:/home/ihsan/.m2/repository/com/sun/xml/bind/jaxb-impl/2.2.11.redhat-2/jaxb-impl-2.2.11.redhat-2.jar:/home/ihsan/.m2/repository/org/apache/camel/camel-blueprint/2.17.0.redhat-630254/camel-blueprint-2.17.0.redhat-630254.jar:/home/ihsan/.m2/repository/org/apache/camel/camel-core-xml/2.17.0.redhat-630254/camel-core-xml-2.17.0.redhat-630254.jar:/home/ihsan/.m2/repository/org/apache/camel/camel-core-osgi/2.17.0.redhat-630254/camel-core-osgi-2.17.0.redhat-630254.jar:/home/ihsan/.m2/repository/org/slf4j/slf4j-api/1.7.7.redhat-2/slf4j-api-1.7.7.redhat-2.jar:/home/ihsan/.m2/repository/org/slf4j/slf4j-log4j12/1.7.7.redhat-2/slf4j-log4j12-1.7.7.redhat-2.jar:/home/ihsan/.m2/repository/log4j/log4j/1.2.17.redhat-1/log4j-1.2.17.redhat-1.jar:/home/ihsan/.m2/repository/org/apache/camel/camel-test-blueprint/2.17.0.redhat-630254/camel-test-blueprint-2.17.0.redhat-630254.jar:/home/ihsan/.m2/repository/org/apache/camel/camel-test/2.17.0.redhat-630254/camel-test-2.17.0.redhat-630254.jar:/home/ihsan/.m2/repository/org/apache/camel/camel-core/2.17.0.redhat-630254/camel-core-2.17.0.redhat-630254-tests.jar:/home/ihsan/.m2/repository/org/apache/aries/proxy/org.apache.aries.proxy.api/1.0.1/org.apache.aries.proxy.api-1.0.1.jar:/home/ihsan/.m2/repository/org/apache/aries/proxy/org.apache.aries.proxy.impl/1.0.5/org.apache.aries.proxy.impl-1.0.5.jar:/home/ihsan/.m2/repository/org/apache/aries/blueprint/org.apache.aries.blueprint.api/1.0.1/org.apache.aries.blueprint.api-1.0.1.jar:/home/ihsan/.m2/repository/org/apache/aries/blueprint/org.apache.aries.blueprint.core/1.7.1/org.apache.aries.blueprint.core-1.7.1.jar:/home/ihsan/.m2/repository/org/apache/aries/quiesce/org.apache.aries.quiesce.api/1.0.0/org.apache.aries.quiesce.api-1.0.0.jar:/home/ihsan/.m2/repository/org/apache/aries/blueprint/org.apache.aries.blueprint.cm/1.0.6/org.apache.aries.blueprint.cm-1.0.6.jar:/home/ihsan/.m2/repository/org/apache/aries/org.apache.aries.util/1.1.0/org.apache.aries.util-1.1.0.jar:/home/ihsan/.m2/repository/org/apache/felix/org.apache.felix.connect/0.1.0/org.apache.felix.connect-0.1.0.jar:/home/ihsan/.m2/repository/org/ops4j/pax/swissbox/pax-swissbox-tinybundles/1.3.2/pax-swissbox-tinybundles-1.3.2.jar:/home/ihsan/.m2/repository/org/ops4j/base/ops4j-base-lang/1.5.0/ops4j-base-lang-1.5.0.jar:/home/ihsan/.m2/repository/org/ops4j/base/ops4j-base-io/1.5.0/ops4j-base-io-1.5.0.jar:/home/ihsan/.m2/repository/org/ops4j/base/ops4j-base-monitors/1.5.0/ops4j-base-monitors-1.5.0.jar:/home/ihsan/.m2/repository/org/ops4j/base/ops4j-base-store/1.5.0/ops4j-base-store-1.5.0.jar:/home/ihsan/.m2/repository/org/ops4j/pax/swissbox/pax-swissbox-bnd/1.8.2/pax-swissbox-bnd-1.8.2.jar:/home/ihsan/.m2/repository/biz/aQute/bnd/bndlib/2.4.0/bndlib-2.4.0.jar:/home/ihsan/.m2/repository/biz/aQute/bnd/biz.aQute.bndlib/2.4.1/biz.aQute.bndlib-2.4.1.jar:/home/ihsan/.m2/repository/commons-logging/commons-logging/1.2/commons-logging-1.2.jar:/home/ihsan/.m2/repository/org/apache/felix/org.apache.felix.configadmin/1.8.12/org.apache.felix.configadmin-1.8.12.jar:/home/ihsan/.m2/repository/org/apache/camel/camel-jackson/2.17.0.redhat-630254/camel-jackson-2.17.0.redhat-630254.jar:/home/ihsan/.m2/repository/com/fasterxml/jackson/core/jackson-databind/2.6.3/jackson-databind-2.6.3.jar:/home/ihsan/.m2/repository/com/fasterxml/jackson/core/jackson-annotations/2.6.3/jackson-annotations-2.6.3.jar:/home/ihsan/.m2/repository/com/fasterxml/jackson/core/jackson-core/2.6.3/jackson-core-2.6.3.jar:/home/ihsan/.m2/repository/com/fasterxml/jackson/module/jackson-module-jaxb-annotations/2.6.3/jackson-module-jaxb-annotations-2.6.3.jar:/home/ihsan/.m2/repository/org/apache/camel/camel-jaxb/2.17.0.redhat-630254/camel-jaxb-2.17.0.redhat-630254.jar:/home/ihsan/.m2/repository/junit/junit/4.11/junit-4.11.jar:/home/ihsan/.m2/repository/org/hamcrest/hamcrest-core/1.3/hamcrest-core-1.3.jar:"/>
    <property name="sun.cpu.endian" value="little"/>
    <property name="user.home" value="/home/ihsan"/>
    <property name="user.language" value="en"/>
    <property name="java.specification.vendor" value="Oracle Corporation"/>
    <property name="java.home" value="/opt/java-8-oracle/jre"/>
    <property name="basedir" value="/home/ihsan/Documents/jboss/jaxb-transform"/>
    <property name="file.separator" value="/"/>
    <property name="line.separator" value="&#10;"/>
    <property name="java.vm.specification.vendor" value="Oracle Corporation"/>
    <property name="java.specification.name" value="Java Platform API Specification"/>
    <property name="java.awt.graphicsenv" value="sun.awt.X11GraphicsEnvironment"/>
    <property name="surefire.real.class.path" value="/home/ihsan/Documents/jboss/jaxb-transform/target/surefire/surefirebooter5412315561577227061.jar"/>
    <property name="sun.boot.class.path" value="/opt/java-8-oracle/jre/lib/resources.jar:/opt/java-8-oracle/jre/lib/rt.jar:/opt/java-8-oracle/jre/lib/sunrsasign.jar:/opt/java-8-oracle/jre/lib/jsse.jar:/opt/java-8-oracle/jre/lib/jce.jar:/opt/java-8-oracle/jre/lib/charsets.jar:/opt/java-8-oracle/jre/lib/jfr.jar:/opt/java-8-oracle/jre/classes"/>
    <property name="sun.management.compiler" value="HotSpot 64-Bit Tiered Compilers"/>
    <property name="java.runtime.version" value="1.8.0_144-b01"/>
    <property name="user.name" value="ihsan"/>
    <property name="path.separator" value=":"/>
    <property name="camel.blueprint" value="true"/>
    <property name="os.version" value="4.4.0-116-generic"/>
    <property name="java.endorsed.dirs" value="/opt/java-8-oracle/jre/lib/endorsed"/>
    <property name="java.runtime.name" value="Java(TM) SE Runtime Environment"/>
    <property name="file.encoding" value="UTF-8"/>
    <property name="java.vm.name" value="Java HotSpot(TM) 64-Bit Server VM"/>
    <property name="localRepository" value="/home/ihsan/.m2/repository"/>
    <property name="java.vendor.url.bug" value="http://bugreport.sun.com/bugreport/"/>
    <property name="java.io.tmpdir" value="/tmp"/>
    <property name="java.version" value="1.8.0_144"/>
    <property name="user.dir" value="/home/ihsan/Documents/jboss/jaxb-transform"/>
    <property name="os.arch" value="amd64"/>
    <property name="java.vm.specification.name" value="Java Virtual Machine Specification"/>
    <property name="java.awt.printerjob" value="sun.print.PSPrinterJob"/>
    <property name="sun.os.patch.level" value="unknown"/>
    <property name="java.library.path" value="/usr/java/packages/lib/amd64:/usr/lib64:/lib64:/lib:/usr/lib"/>
    <property name="java.vm.info" value="mixed mode"/>
    <property name="java.vendor" value="Oracle Corporation"/>
    <property name="java.vm.version" value="25.144-b01"/>
    <property name="java.ext.dirs" value="/opt/java-8-oracle/jre/lib/ext:/usr/java/packages/lib/ext"/>
    <property name="sun.io.unicode.encoding" value="UnicodeLittle"/>
    <property name="java.class.version" value="52.0"/>
  </properties>
  <testcase name="testDroppingAdminOrder" classname="com.redhat.training.jb421.TransformRouteTest" time="60.591">
    <error message="Gave up waiting for service (objectClass=org.apache.camel.CamelContext)" type="java.lang.RuntimeException">java.lang.RuntimeException: Gave up waiting for service (objectClass=org.apache.camel.CamelContext)
</error>
    <system-out><![CDATA[[                          main] CamelBlueprintHelper           INFO  Using Blueprint XML file: /home/ihsan/Documents/jboss/jaxb-transform/target/classes/OSGI-INF/blueprint/blueprint.xml
[                      Thread-0] RawBuilder                     INFO  Copy thread finished.
[                          main] Activator                      INFO  Camel activator starting
[                          main] Activator                      INFO  Camel activator started
[                          main] TransformRouteTest             INFO  ********************************************************************************
[                          main] TransformRouteTest             INFO  Testing: testDroppingAdminOrder(com.redhat.training.jb421.TransformRouteTest)
[                          main] TransformRouteTest             INFO  ********************************************************************************
[                          main] CamelBlueprintHelper           WARN  Test bundle headers: Bundle-ManifestVersion=2, Bundle-Name=System Bundle, Bundle-SymbolicName=org.apache.felix.connect, Bundle-Vendor=Apache Software Foundation, Bundle-Version=0.0.0
[                          main] CamelBlueprintHelper           WARN  ServiceReference: [org.apache.camel.spi.DataFormatResolver], bundle: org.apache.camel.camel-jaxb [33], symbolicName: org.apache.camel.camel-jaxb
[                          main] CamelBlueprintHelper           WARN  ServiceReference: [org.apache.camel.spi.ComponentResolver], bundle: org.apache.camel.camel-core [2], symbolicName: org.apache.camel.camel-core
[                          main] CamelBlueprintHelper           WARN  ServiceReference: [org.apache.camel.spi.TypeConverterLoader], bundle: org.apache.camel.camel-core [2], symbolicName: org.apache.camel.camel-core
[                          main] CamelBlueprintHelper           WARN  ServiceReference: [org.apache.aries.proxy.ProxyManager], bundle: org.apache.aries.proxy.impl [13], symbolicName: org.apache.aries.proxy.impl
[                          main] CamelBlueprintHelper           WARN  ServiceReference: [org.osgi.service.packageadmin.PackageAdmin], bundle: org.apache.felix.connect [0], symbolicName: org.apache.felix.connect
[                          main] CamelBlueprintHelper           WARN  ServiceReference: [org.apache.camel.spi.LanguageResolver], bundle: org.apache.camel.camel-core [2], symbolicName: org.apache.camel.camel-core
[                          main] CamelBlueprintHelper           WARN  ServiceReference: [org.osgi.service.startlevel.StartLevel], bundle: org.apache.felix.connect [0], symbolicName: org.apache.felix.connect
[                          main] CamelBlueprintHelper           WARN  ServiceReference: [org.apache.camel.spi.TypeConverterLoader], bundle: org.apache.camel.camel-jackson [28], symbolicName: org.apache.camel.camel-jackson
[                          main] CamelBlueprintHelper           WARN  ServiceReference: [org.apache.camel.spi.DataFormatResolver], bundle: org.apache.camel.camel-core [2], symbolicName: org.apache.camel.camel-core
[                          main] CamelBlueprintHelper           WARN  ServiceReference: [org.apache.camel.spi.DataFormatResolver], bundle: org.apache.camel.camel-jackson [28], symbolicName: org.apache.camel.camel-jackson
[                          main] CamelBlueprintHelper           WARN  ServiceReference: [org.apache.camel.spi.TypeConverterLoader], bundle: org.apache.camel.camel-jaxb [33], symbolicName: org.apache.camel.camel-jaxb
[                          main] TransformRouteTest             INFO  ********************************************************************************
[                          main] TransformRouteTest             INFO  Testing done: testDroppingAdminOrder(com.redhat.training.jb421.TransformRouteTest)
[                          main] TransformRouteTest             INFO  Took: 1 minute (60545 millis)
[                          main] TransformRouteTest             INFO  ********************************************************************************
[                          main] Activator                      INFO  Camel activator stopping
[                          main] Activator                      INFO  Camel activator stopped
[                          main] CamelBlueprintHelper           INFO  Deleting work directory target/bundles/1519712176128
]]></system-out>
  </testcase>
  <testcase name="testDroppingOrder" classname="com.redhat.training.jb421.TransformRouteTest" time="60.066">
    <error message="Gave up waiting for service (objectClass=org.apache.camel.CamelContext)" type="java.lang.RuntimeException">java.lang.RuntimeException: Gave up waiting for service (objectClass=org.apache.camel.CamelContext)
</error>
    <system-out><![CDATA[[                          main] CamelBlueprintHelper           INFO  Using Blueprint XML file: /home/ihsan/Documents/jboss/jaxb-transform/target/classes/OSGI-INF/blueprint/blueprint.xml
[                      Thread-2] RawBuilder                     INFO  Copy thread finished.
[                          main] Activator                      INFO  Camel activator starting
[                          main] Activator                      INFO  Camel activator started
[                          main] TransformRouteTest             INFO  ********************************************************************************
[                          main] TransformRouteTest             INFO  Testing: testDroppingOrder(com.redhat.training.jb421.TransformRouteTest)
[                          main] TransformRouteTest             INFO  ********************************************************************************
[                          main] CamelBlueprintHelper           WARN  Test bundle headers: Bundle-ManifestVersion=2, Bundle-Name=System Bundle, Bundle-SymbolicName=org.apache.felix.connect, Bundle-Vendor=Apache Software Foundation, Bundle-Version=0.0.0
[                          main] CamelBlueprintHelper           WARN  ServiceReference: [org.apache.camel.spi.TypeConverterLoader], bundle: org.apache.camel.camel-jaxb [33], symbolicName: org.apache.camel.camel-jaxb
[                          main] CamelBlueprintHelper           WARN  ServiceReference: [org.apache.camel.spi.DataFormatResolver], bundle: org.apache.camel.camel-jaxb [33], symbolicName: org.apache.camel.camel-jaxb
[                          main] CamelBlueprintHelper           WARN  ServiceReference: [org.apache.camel.spi.ComponentResolver], bundle: org.apache.camel.camel-core [2], symbolicName: org.apache.camel.camel-core
[                          main] CamelBlueprintHelper           WARN  ServiceReference: [org.apache.camel.spi.LanguageResolver], bundle: org.apache.camel.camel-core [2], symbolicName: org.apache.camel.camel-core
[                          main] CamelBlueprintHelper           WARN  ServiceReference: [org.apache.camel.spi.DataFormatResolver], bundle: org.apache.camel.camel-jackson [28], symbolicName: org.apache.camel.camel-jackson
[                          main] CamelBlueprintHelper           WARN  ServiceReference: [org.osgi.service.packageadmin.PackageAdmin], bundle: org.apache.felix.connect [0], symbolicName: org.apache.felix.connect
[                          main] CamelBlueprintHelper           WARN  ServiceReference: [org.apache.aries.proxy.ProxyManager], bundle: org.apache.aries.proxy.impl [13], symbolicName: org.apache.aries.proxy.impl
[                          main] CamelBlueprintHelper           WARN  ServiceReference: [org.apache.camel.spi.TypeConverterLoader], bundle: org.apache.camel.camel-jackson [28], symbolicName: org.apache.camel.camel-jackson
[                          main] CamelBlueprintHelper           WARN  ServiceReference: [org.osgi.service.startlevel.StartLevel], bundle: org.apache.felix.connect [0], symbolicName: org.apache.felix.connect
[                          main] CamelBlueprintHelper           WARN  ServiceReference: [org.apache.camel.spi.DataFormatResolver], bundle: org.apache.camel.camel-core [2], symbolicName: org.apache.camel.camel-core
[                          main] CamelBlueprintHelper           WARN  ServiceReference: [org.apache.camel.spi.TypeConverterLoader], bundle: org.apache.camel.camel-core [2], symbolicName: org.apache.camel.camel-core
[                          main] TransformRouteTest             INFO  ********************************************************************************
[                          main] TransformRouteTest             INFO  Testing done: testDroppingOrder(com.redhat.training.jb421.TransformRouteTest)
[                          main] TransformRouteTest             INFO  Took: 1 minute (60099 millis)
[                          main] TransformRouteTest             INFO  ********************************************************************************
[                          main] Activator                      INFO  Camel activator stopping
[                          main] Activator                      INFO  Camel activator stopped
[                          main] CamelBlueprintHelper           INFO  Deleting work directory target/bundles/1519712236551
]]></system-out>
  </testcase>
</testsuite>