<?xml version="1.0" encoding="UTF-8"?>
<testsuite xmlns:xsi="http://www.w3.org/2001/XMLSchema-instance" xsi:noNamespaceSchemaLocation="https://maven.apache.org/surefire/maven-surefire-plugin/xsd/surefire-test-report.xsd" name="com.redhat.training.jb421.RouteTransformTest" time="15.122" tests="3" errors="0" skipped="0" failures="1">
  <properties>
    <property name="sun.desktop" value="gnome"/>
    <property name="awt.toolkit" value="sun.awt.X11.XToolkit"/>
    <property name="file.encoding.pkg" value="sun.io"/>
    <property name="java.specification.version" value="1.8"/>
    <property name="sun.cpu.isalist" value=""/>
    <property name="sun.jnu.encoding" value="UTF-8"/>
    <property name="java.class.path" value="/home/ihsan/Documents/jboss-fuse/invoke-beans/target/test-classes:/home/ihsan/Documents/jboss-fuse/invoke-beans/target/classes:/home/ihsan/.m2/repository/org/apache/camel/camel-core/2.17.0.redhat-630254/camel-core-2.17.0.redhat-630254.jar:/home/ihsan/.m2/repository/com/sun/xml/bind/jaxb-core/2.2.11/jaxb-core-2.2.11.jar:/home/ihsan/.m2/repository/com/sun/xml/bind/jaxb-impl/2.2.11.redhat-2/jaxb-impl-2.2.11.redhat-2.jar:/home/ihsan/.m2/repository/org/apache/camel/camel-blueprint/2.17.0.redhat-630254/camel-blueprint-2.17.0.redhat-630254.jar:/home/ihsan/.m2/repository/org/apache/camel/camel-core-xml/2.17.0.redhat-630254/camel-core-xml-2.17.0.redhat-630254.jar:/home/ihsan/.m2/repository/org/apache/camel/camel-core-osgi/2.17.0.redhat-630254/camel-core-osgi-2.17.0.redhat-630254.jar:/home/ihsan/.m2/repository/org/slf4j/slf4j-api/1.7.7.redhat-2/slf4j-api-1.7.7.redhat-2.jar:/home/ihsan/.m2/repository/org/slf4j/slf4j-log4j12/1.7.7.redhat-2/slf4j-log4j12-1.7.7.redhat-2.jar:/home/ihsan/.m2/repository/log4j/log4j/1.2.17.redhat-1/log4j-1.2.17.redhat-1.jar:/home/ihsan/.m2/repository/org/apache/camel/camel-test-blueprint/2.17.0.redhat-630254/camel-test-blueprint-2.17.0.redhat-630254.jar:/home/ihsan/.m2/repository/org/apache/camel/camel-test/2.17.0.redhat-630254/camel-test-2.17.0.redhat-630254.jar:/home/ihsan/.m2/repository/org/apache/camel/camel-core/2.17.0.redhat-630254/camel-core-2.17.0.redhat-630254-tests.jar:/home/ihsan/.m2/repository/org/apache/aries/proxy/org.apache.aries.proxy.api/1.0.1/org.apache.aries.proxy.api-1.0.1.jar:/home/ihsan/.m2/repository/org/apache/aries/proxy/org.apache.aries.proxy.impl/1.0.5/org.apache.aries.proxy.impl-1.0.5.jar:/home/ihsan/.m2/repository/org/apache/aries/blueprint/org.apache.aries.blueprint.api/1.0.1/org.apache.aries.blueprint.api-1.0.1.jar:/home/ihsan/.m2/repository/org/apache/aries/blueprint/org.apache.aries.blueprint.core/1.7.1/org.apache.aries.blueprint.core-1.7.1.jar:/home/ihsan/.m2/repository/org/apache/aries/quiesce/org.apache.aries.quiesce.api/1.0.0/org.apache.aries.quiesce.api-1.0.0.jar:/home/ihsan/.m2/repository/org/apache/aries/blueprint/org.apache.aries.blueprint.cm/1.0.6/org.apache.aries.blueprint.cm-1.0.6.jar:/home/ihsan/.m2/repository/org/apache/aries/org.apache.aries.util/1.1.0/org.apache.aries.util-1.1.0.jar:/home/ihsan/.m2/repository/org/apache/felix/org.apache.felix.connect/0.1.0/org.apache.felix.connect-0.1.0.jar:/home/ihsan/.m2/repository/org/ops4j/pax/swissbox/pax-swissbox-tinybundles/1.3.2/pax-swissbox-tinybundles-1.3.2.jar:/home/ihsan/.m2/repository/org/ops4j/base/ops4j-base-lang/1.5.0/ops4j-base-lang-1.5.0.jar:/home/ihsan/.m2/repository/org/ops4j/base/ops4j-base-io/1.5.0/ops4j-base-io-1.5.0.jar:/home/ihsan/.m2/repository/org/ops4j/base/ops4j-base-monitors/1.5.0/ops4j-base-monitors-1.5.0.jar:/home/ihsan/.m2/repository/org/ops4j/base/ops4j-base-store/1.5.0/ops4j-base-store-1.5.0.jar:/home/ihsan/.m2/repository/org/ops4j/pax/swissbox/pax-swissbox-bnd/1.8.2/pax-swissbox-bnd-1.8.2.jar:/home/ihsan/.m2/repository/biz/aQute/bnd/bndlib/2.4.0/bndlib-2.4.0.jar:/home/ihsan/.m2/repository/biz/aQute/bnd/biz.aQute.bndlib/2.4.1/biz.aQute.bndlib-2.4.1.jar:/home/ihsan/.m2/repository/commons-logging/commons-logging/1.2/commons-logging-1.2.jar:/home/ihsan/.m2/repository/junit/junit/4.11/junit-4.11.jar:/home/ihsan/.m2/repository/org/hamcrest/hamcrest-core/1.3/hamcrest-core-1.3.jar:/home/ihsan/.m2/repository/org/apache/felix/org.apache.felix.configadmin/1.8.12/org.apache.felix.configadmin-1.8.12.jar:"/>
    <property name="java.vm.vendor" value="Oracle Corporation"/>
    <property name="sun.arch.data.model" value="64"/>
    <property name="java.vendor.url" value="http://java.oracle.com/"/>
    <property name="user.timezone" value=""/>
    <property name="java.vm.specification.version" value="1.8"/>
    <property name="os.name" value="Linux"/>
    <property name="user.country" value="US"/>
    <property name="sun.java.launcher" value="SUN_STANDARD"/>
    <property name="sun.boot.library.path" value="/opt/java-8-oracle/jre/lib/amd64"/>
    <property name="sun.java.command" value="/home/ihsan/Documents/jboss-fuse/invoke-beans/target/surefire/surefirebooter1530154155159979428.jar /home/ihsan/Documents/jboss-fuse/invoke-beans/target/surefire 2018-03-09T16-19-07_186-jvmRun1 surefire7545542166044009422tmp surefire_06324027828683230368tmp"/>
    <property name="surefire.test.class.path" value="/home/ihsan/Documents/jboss-fuse/invoke-beans/target/test-classes:/home/ihsan/Documents/jboss-fuse/invoke-beans/target/classes:/home/ihsan/.m2/repository/org/apache/camel/camel-core/2.17.0.redhat-630254/camel-core-2.17.0.redhat-630254.jar:/home/ihsan/.m2/repository/com/sun/xml/bind/jaxb-core/2.2.11/jaxb-core-2.2.11.jar:/home/ihsan/.m2/repository/com/sun/xml/bind/jaxb-impl/2.2.11.redhat-2/jaxb-impl-2.2.11.redhat-2.jar:/home/ihsan/.m2/repository/org/apache/camel/camel-blueprint/2.17.0.redhat-630254/camel-blueprint-2.17.0.redhat-630254.jar:/home/ihsan/.m2/repository/org/apache/camel/camel-core-xml/2.17.0.redhat-630254/camel-core-xml-2.17.0.redhat-630254.jar:/home/ihsan/.m2/repository/org/apache/camel/camel-core-osgi/2.17.0.redhat-630254/camel-core-osgi-2.17.0.redhat-630254.jar:/home/ihsan/.m2/repository/org/slf4j/slf4j-api/1.7.7.redhat-2/slf4j-api-1.7.7.redhat-2.jar:/home/ihsan/.m2/repository/org/slf4j/slf4j-log4j12/1.7.7.redhat-2/slf4j-log4j12-1.7.7.redhat-2.jar:/home/ihsan/.m2/repository/log4j/log4j/1.2.17.redhat-1/log4j-1.2.17.redhat-1.jar:/home/ihsan/.m2/repository/org/apache/camel/camel-test-blueprint/2.17.0.redhat-630254/camel-test-blueprint-2.17.0.redhat-630254.jar:/home/ihsan/.m2/repository/org/apache/camel/camel-test/2.17.0.redhat-630254/camel-test-2.17.0.redhat-630254.jar:/home/ihsan/.m2/repository/org/apache/camel/camel-core/2.17.0.redhat-630254/camel-core-2.17.0.redhat-630254-tests.jar:/home/ihsan/.m2/repository/org/apache/aries/proxy/org.apache.aries.proxy.api/1.0.1/org.apache.aries.proxy.api-1.0.1.jar:/home/ihsan/.m2/repository/org/apache/aries/proxy/org.apache.aries.proxy.impl/1.0.5/org.apache.aries.proxy.impl-1.0.5.jar:/home/ihsan/.m2/repository/org/apache/aries/blueprint/org.apache.aries.blueprint.api/1.0.1/org.apache.aries.blueprint.api-1.0.1.jar:/home/ihsan/.m2/repository/org/apache/aries/blueprint/org.apache.aries.blueprint.core/1.7.1/org.apache.aries.blueprint.core-1.7.1.jar:/home/ihsan/.m2/repository/org/apache/aries/quiesce/org.apache.aries.quiesce.api/1.0.0/org.apache.aries.quiesce.api-1.0.0.jar:/home/ihsan/.m2/repository/org/apache/aries/blueprint/org.apache.aries.blueprint.cm/1.0.6/org.apache.aries.blueprint.cm-1.0.6.jar:/home/ihsan/.m2/repository/org/apache/aries/org.apache.aries.util/1.1.0/org.apache.aries.util-1.1.0.jar:/home/ihsan/.m2/repository/org/apache/felix/org.apache.felix.connect/0.1.0/org.apache.felix.connect-0.1.0.jar:/home/ihsan/.m2/repository/org/ops4j/pax/swissbox/pax-swissbox-tinybundles/1.3.2/pax-swissbox-tinybundles-1.3.2.jar:/home/ihsan/.m2/repository/org/ops4j/base/ops4j-base-lang/1.5.0/ops4j-base-lang-1.5.0.jar:/home/ihsan/.m2/repository/org/ops4j/base/ops4j-base-io/1.5.0/ops4j-base-io-1.5.0.jar:/home/ihsan/.m2/repository/org/ops4j/base/ops4j-base-monitors/1.5.0/ops4j-base-monitors-1.5.0.jar:/home/ihsan/.m2/repository/org/ops4j/base/ops4j-base-store/1.5.0/ops4j-base-store-1.5.0.jar:/home/ihsan/.m2/repository/org/ops4j/pax/swissbox/pax-swissbox-bnd/1.8.2/pax-swissbox-bnd-1.8.2.jar:/home/ihsan/.m2/repository/biz/aQute/bnd/bndlib/2.4.0/bndlib-2.4.0.jar:/home/ihsan/.m2/repository/biz/aQute/bnd/biz.aQute.bndlib/2.4.1/biz.aQute.bndlib-2.4.1.jar:/home/ihsan/.m2/repository/commons-logging/commons-logging/1.2/commons-logging-1.2.jar:/home/ihsan/.m2/repository/junit/junit/4.11/junit-4.11.jar:/home/ihsan/.m2/repository/org/hamcrest/hamcrest-core/1.3/hamcrest-core-1.3.jar:/home/ihsan/.m2/repository/org/apache/felix/org.apache.felix.configadmin/1.8.12/org.apache.felix.configadmin-1.8.12.jar:"/>
    <property name="sun.cpu.endian" value="little"/>
    <property name="user.home" value="/home/ihsan"/>
    <property name="user.language" value="en"/>
    <property name="java.specification.vendor" value="Oracle Corporation"/>
    <property name="java.home" value="/opt/java-8-oracle/jre"/>
    <property name="TestSkip" value="true"/>
    <property name="basedir" value="/home/ihsan/Documents/jboss-fuse/invoke-beans"/>
    <property name="file.separator" value="/"/>
    <property name="line.separator" value="&#10;"/>
    <property name="java.vm.specification.vendor" value="Oracle Corporation"/>
    <property name="java.specification.name" value="Java Platform API Specification"/>
    <property name="java.awt.graphicsenv" value="sun.awt.X11GraphicsEnvironment"/>
    <property name="surefire.real.class.path" value="/home/ihsan/Documents/jboss-fuse/invoke-beans/target/surefire/surefirebooter1530154155159979428.jar"/>
    <property name="sun.boot.class.path" value="/opt/java-8-oracle/jre/lib/resources.jar:/opt/java-8-oracle/jre/lib/rt.jar:/opt/java-8-oracle/jre/lib/sunrsasign.jar:/opt/java-8-oracle/jre/lib/jsse.jar:/opt/java-8-oracle/jre/lib/jce.jar:/opt/java-8-oracle/jre/lib/charsets.jar:/opt/java-8-oracle/jre/lib/jfr.jar:/opt/java-8-oracle/jre/classes"/>
    <property name="sun.management.compiler" value="HotSpot 64-Bit Tiered Compilers"/>
    <property name="java.runtime.version" value="1.8.0_131-b11"/>
    <property name="user.name" value="ihsan"/>
    <property name="path.separator" value=":"/>
    <property name="os.version" value="4.4.0-116-generic"/>
    <property name="java.endorsed.dirs" value="/opt/java-8-oracle/jre/lib/endorsed"/>
    <property name="java.runtime.name" value="Java(TM) SE Runtime Environment"/>
    <property name="file.encoding" value="UTF-8"/>
    <property name="java.vm.name" value="Java HotSpot(TM) 64-Bit Server VM"/>
    <property name="localRepository" value="/home/ihsan/.m2/repository"/>
    <property name="java.vendor.url.bug" value="http://bugreport.sun.com/bugreport/"/>
    <property name="java.io.tmpdir" value="/tmp"/>
    <property name="java.version" value="1.8.0_131"/>
    <property name="user.dir" value="/home/ihsan/Documents/jboss-fuse/invoke-beans"/>
    <property name="os.arch" value="amd64"/>
    <property name="java.vm.specification.name" value="Java Virtual Machine Specification"/>
    <property name="java.awt.printerjob" value="sun.print.PSPrinterJob"/>
    <property name="sun.os.patch.level" value="unknown"/>
    <property name="java.library.path" value="/usr/java/packages/lib/amd64:/usr/lib64:/lib64:/lib:/usr/lib"/>
    <property name="java.vm.info" value="mixed mode"/>
    <property name="java.vendor" value="Oracle Corporation"/>
    <property name="java.vm.version" value="25.131-b11"/>
    <property name="java.ext.dirs" value="/opt/java-8-oracle/jre/lib/ext:/usr/java/packages/lib/ext"/>
    <property name="sun.io.unicode.encoding" value="UnicodeLittle"/>
    <property name="java.class.version" value="52.0"/>
  </properties>
  <testcase name="testRouteWithComma" classname="com.redhat.training.jb421.RouteTransformTest" time="7.728"/>
  <testcase name="testRouteFileChars" classname="com.redhat.training.jb421.RouteTransformTest" time="3.796"/>
  <testcase name="testRouteRecipientList" classname="com.redhat.training.jb421.RouteTransformTest" time="3.347">
    <failure message="mock://ftp:infrastructure Body of message: 0. Expected: &lt;John Doe`11/10/16`123 Easy St`Anytown`AS`?at?her in the Rye`1`14.00&gt; but was: &lt;John Doe`11/10/16`123 Easy St`Anytown`AS`Çatßher in the Rye`1`14.00&gt;" type="java.lang.AssertionError"><![CDATA[java.lang.AssertionError: mock://ftp:infrastructure Body of message: 0. Expected: <John Doe`11/10/16`123 Easy St`Anytown`AS`?at?her in the Rye`1`14.00> but was: <John Doe`11/10/16`123 Easy St`Anytown`AS`Çatßher in the Rye`1`14.00>
	at com.redhat.training.jb421.RouteTransformTest.testRouteRecipientList(RouteTransformTest.java:119)
]]></failure>
    <system-out><![CDATA[[                          main] CamelBlueprintHelper           INFO  Using Blueprint XML file: /home/ihsan/Documents/jboss-fuse/invoke-beans/target/classes/OSGI-INF/blueprint/blueprint.xml
[                      Thread-5] RawBuilder                     INFO  Copy thread finished.
[                          main] Activator                      INFO  Camel activator starting
[                          main] Activator                      INFO  Camel activator started
[         Blueprint Extender: 1] BlueprintContainerImpl         INFO  Bundle RouteTransformTest/1.0.0 is waiting for namespace handlers [http://camel.apache.org/schema/blueprint]
[                          main] RouteTransformTest             INFO  ********************************************************************************
[                          main] RouteTransformTest             INFO  Testing: testRouteRecipientList(com.redhat.training.jb421.RouteTransformTest)
[                          main] RouteTransformTest             INFO  ********************************************************************************
[                          main] RouteTransformTest             INFO  Skipping starting CamelContext as system property skipStartingCamelContext is set to be true.
[                          main] BlueprintCamelContext          INFO  Apache Camel 2.17.0.redhat-630254 (CamelContext: jb421Context) is starting
[                          main] DefaultManagementStrategy      INFO  JMX is disabled
[                          main] BlueprintCamelContext          INFO  AllowUseOriginalMessage is enabled. If access to the original message is not needed, then its recommended to turn this option off as it may improve performance.
[                          main] BlueprintCamelContext          INFO  StreamCaching is not in use. If using streams then its recommended to enable stream caching. See more details at http://camel.apache.org/stream-caching.html
[                          main] BlueprintCamelContext          INFO  Route: transformComma started and consuming from: Endpoint[file://origin]
[                          main] BlueprintCamelContext          INFO  Route: transformChars started and consuming from: Endpoint[direct://transformChars]
[                          main] BlueprintCamelContext          INFO  Route: recipientList started and consuming from: Endpoint[direct://recipientList]
[                          main] BlueprintCamelContext          INFO  Total 3 routes, of which 3 are started.
[                          main] BlueprintCamelContext          INFO  Apache Camel 2.17.0.redhat-630254 (CamelContext: jb421Context) started in 0.171 seconds
[                          main] DefaultShutdownStrategy        INFO  Starting to graceful shutdown 1 routes (timeout 10 seconds)
[text) thread #5 - ShutdownTask] DefaultShutdownStrategy        INFO  Route: recipientList shutdown complete, was consuming from: Endpoint[direct://recipientList]
[                          main] DefaultShutdownStrategy        INFO  Graceful shutdown of 1 routes completed in 0 seconds
[                          main] BlueprintCamelContext          INFO  Route: recipientList is stopped, was consuming from: Endpoint[direct://recipientList]
[                          main] BlueprintCamelContext          INFO  Route: recipientList is shutdown and removed, was consuming from: Endpoint[direct://recipientList]
[                          main] RouteDefinition                INFO  AdviceWith route after: Route(recipientList)[[From[direct:recipientList]] -> [InterceptSendToEndpoint[file:test -> [To[mock:file:test]]], InterceptSendToEndpoint[activemq:comics -> [To[mock:activemq:comics]]], InterceptSendToEndpoint[ftp:infrastructure -> [To[mock:ftp:infrastructure]]], Split[{tokenize(simple{${body}}, 
)} -> [SetHeader[destination, bean[com.redhat.training.jb421.beans.DestinationBean method:calculateDestination]], RecipientList[header{header(destination)}]]]]]
[                          main] BlueprintCamelContext          INFO  Route: recipientList started and consuming from: Endpoint[direct://recipientList]
[                          main] BlueprintCamelContext          INFO  Apache Camel 2.17.0.redhat-630254 (CamelContext: jb421Context) is starting
[                          main] BlueprintCamelContext          INFO  Total 3 routes, of which 3 are started.
[                          main] BlueprintCamelContext          INFO  Apache Camel 2.17.0.redhat-630254 (CamelContext: jb421Context) started in 0.000 seconds
[                          main] MockEndpoint                   INFO  Asserting: Endpoint[mock://ftp:infrastructure] is satisfied
[                          main] RouteTransformTest             INFO  ********************************************************************************
[                          main] RouteTransformTest             INFO  Testing done: testRouteRecipientList(com.redhat.training.jb421.RouteTransformTest)
[                          main] RouteTransformTest             INFO  Took: 1.149 seconds (1149 millis)
[                          main] RouteTransformTest             INFO  ********************************************************************************
[                          main] BlueprintCamelContext          INFO  Apache Camel 2.17.0.redhat-630254 (CamelContext: jb421Context) is shutting down
[                          main] DefaultShutdownStrategy        INFO  Starting to graceful shutdown 3 routes (timeout 10 seconds)
[text) thread #5 - ShutdownTask] DefaultShutdownStrategy        INFO  Waiting as there are still 1 inflight and pending exchanges to complete, timeout in 10 seconds. Inflights per route: [transformComma = 1]
[text) thread #5 - ShutdownTask] DefaultShutdownStrategy        INFO  Route: recipientList shutdown complete, was consuming from: Endpoint[direct://recipientList]
[text) thread #5 - ShutdownTask] DefaultShutdownStrategy        INFO  Route: transformChars shutdown complete, was consuming from: Endpoint[direct://transformChars]
[text) thread #5 - ShutdownTask] DefaultShutdownStrategy        INFO  Route: transformComma shutdown complete, was consuming from: Endpoint[file://origin]
[                          main] DefaultShutdownStrategy        INFO  Graceful shutdown of 3 routes completed in 1 seconds
[                          main] BlueprintCamelContext          INFO  Apache Camel 2.17.0.redhat-630254 (CamelContext: jb421Context) uptime 1.853 seconds
[                          main] BlueprintCamelContext          INFO  Apache Camel 2.17.0.redhat-630254 (CamelContext: jb421Context) is shutdown in 1.006 seconds
[                          main] BlueprintExtender              INFO  Destroying BlueprintContainer for bundle org.apache.aries.blueprint.cm/1.0.6
[                          main] BlueprintExtender              INFO  Destroying BlueprintContainer for bundle RouteTransformTest/1.0.0
[                          main] BlueprintExtender              INFO  Destroying BlueprintContainer for bundle org.apache.aries.blueprint.core/1.7.1
[                          main] BlueprintExtender              INFO  Destroying BlueprintContainer for bundle org.apache.camel.camel-blueprint/2.17.0.redhat-630254
[                          main] Activator                      INFO  Camel activator stopping
[                          main] Activator                      INFO  Camel activator stopped
[                          main] CamelBlueprintHelper           INFO  Deleting work directory target/bundles/1520587165250
]]></system-out>
  </testcase>
</testsuite>